PWWWWLICOMZF-FE-30 | SUCCESS | rc=0 >>
● apache2.service - LSB: Apache2 web server
   Loaded: loaded (/etc/init.d/apache2)
  Drop-In: /lib/systemd/system/apache2.service.d
           └─forking.conf
   Active: active (running) since Mon 2018-05-14 00:09:39 CEST; 12h ago
  Process: 12977 ExecReload=/etc/init.d/apache2 reload (code=exited, status=0/SUCCESS)
  Process: 468 ExecStart=/etc/init.d/apache2 start (code=exited, status=0/SUCCESS)
   CGroup: /system.slice/apache2.service
           ├─  539 /usr/sbin/apache2 -k start
           ├─21184 /usr/sbin/apache2 -k start
           ├─21954 /usr/sbin/apache2 -k start
           ├─23780 /usr/sbin/apache2 -k start
           ├─23897 /usr/sbin/apache2 -k start
           ├─23899 /usr/sbin/apache2 -k start
           ├─23902 /usr/sbin/apache2 -k start
           ├─23917 /usr/sbin/apache2 -k start
           ├─24245 /usr/sbin/apache2 -k start
           ├─24293 /usr/sbin/apache2 -k start
           ├─24295 /usr/sbin/apache2 -k start
           ├─24507 /usr/sbin/apache2 -k start
           ├─24769 /usr/sbin/apache2 -k start
           ├─24891 /usr/sbin/apache2 -k start
           └─25471 /usr/sbin/apache2 -k start

May 14 00:09:33 pwwwwlicomzf-fe-30 systemd[1]: Starting LSB: Apache2 web server...
May 14 00:09:39 pwwwwlicomzf-fe-30 apache2[468]: Starting web server: apache2.
May 14 00:09:39 pwwwwlicomzf-fe-30 systemd[1]: Started LSB: Apache2 web server.
May 14 06:25:03 pwwwwlicomzf-fe-30 systemd[1]: Reloading LSB: Apache2 web server.
May 14 06:25:03 pwwwwlicomzf-fe-30 apache2[12977]: Reloading web server: apache2.
May 14 06:25:03 pwwwwlicomzf-fe-30 systemd[1]: Reloaded LSB: Apache2 web server.
PWWWWLICOMZF-FE-32 | SUCCESS | rc=0 >>
● apache2.service - LSB: Apache2 web server
   Loaded: loaded (/etc/init.d/apache2)
  Drop-In: /lib/systemd/system/apache2.service.d
           └─forking.conf
   Active: active (running) since Thu 2018-04-26 11:09:26 CEST; 2 weeks 4 days ago
  Process: 9864 ExecStop=/etc/init.d/apache2 stop (code=exited, status=0/SUCCESS)
  Process: 38423 ExecReload=/etc/init.d/apache2 reload (code=exited, status=0/SUCCESS)
  Process: 10085 ExecStart=/etc/init.d/apache2 start (code=exited, status=0/SUCCESS)
   CGroup: /system.slice/apache2.service
           ├─10101 /usr/sbin/apache2 -k start
           ├─46850 /usr/sbin/apache2 -k start
           ├─46980 /usr/sbin/apache2 -k start
           ├─47542 /usr/sbin/apache2 -k start
           ├─47684 /usr/sbin/apache2 -k start
           ├─48172 /usr/sbin/apache2 -k start
           ├─48173 /usr/sbin/apache2 -k start
           ├─48182 /usr/sbin/apache2 -k start
           ├─48894 /usr/sbin/apache2 -k start
           ├─49044 /usr/sbin/apache2 -k start
           ├─49247 /usr/sbin/apache2 -k start
           ├─49803 /usr/sbin/apache2 -k start
           ├─49872 /usr/sbin/apache2 -k start
           ├─49873 /usr/sbin/apache2 -k start
           └─49874 /usr/sbin/apache2 -k start

May 11 06:25:02 pwwwwlicomzf-fe-32 systemd[1]: Reloaded LSB: Apache2 web server.
May 12 06:25:02 pwwwwlicomzf-fe-32 systemd[1]: Reloading LSB: Apache2 web server.
May 12 06:25:02 pwwwwlicomzf-fe-32 apache2[79896]: Reloading web server: apache2.
May 12 06:25:02 pwwwwlicomzf-fe-32 systemd[1]: Reloaded LSB: Apache2 web server.
May 13 06:25:01 pwwwwlicomzf-fe-32 systemd[1]: Reloading LSB: Apache2 web server.
May 13 06:25:01 pwwwwlicomzf-fe-32 apache2[124143]: Reloading web server: apache2.
May 13 06:25:01 pwwwwlicomzf-fe-32 systemd[1]: Reloaded LSB: Apache2 web server.
May 14 06:25:02 pwwwwlicomzf-fe-32 systemd[1]: Reloading LSB: Apache2 web server.
May 14 06:25:02 pwwwwlicomzf-fe-32 apache2[38423]: Reloading web server: apache2.
May 14 06:25:02 pwwwwlicomzf-fe-32 systemd[1]: Reloaded LSB: Apache2 web server.
PWWWWLICOMZF-FE-45 | SUCCESS | rc=0 >>
● apache2.service - LSB: Apache2 web server
   Loaded: loaded (/etc/init.d/apache2)
  Drop-In: /lib/systemd/system/apache2.service.d
           └─forking.conf
   Active: active (running) (Result: exit-code) since Thu 2018-04-26 11:09:40 CEST; 2 weeks 4 days ago
  Process: 79504 ExecStop=/etc/init.d/apache2 stop (code=exited, status=0/SUCCESS)
  Process: 113817 ExecReload=/etc/init.d/apache2 reload (code=exited, status=1/FAILURE)
  Process: 79731 ExecStart=/etc/init.d/apache2 start (code=exited, status=0/SUCCESS)
   CGroup: /system.slice/apache2.service
           └─79528 /usr/sbin/apache2 -k start

Warning: Journal has been rotated since unit was started. Log output is incomplete or unavailable.
PWWWWLICOMZF-FE-11 | SUCCESS | rc=0 >>
● apache2.service - LSB: Apache2 web server
   Loaded: loaded (/etc/init.d/apache2)
  Drop-In: /lib/systemd/system/apache2.service.d
           └─forking.conf
   Active: active (running) since Mon 2018-05-14 00:14:38 CEST; 12h ago
  Process: 12781 ExecReload=/etc/init.d/apache2 reload (code=exited, status=0/SUCCESS)
  Process: 465 ExecStart=/etc/init.d/apache2 start (code=exited, status=0/SUCCESS)
   CGroup: /system.slice/apache2.service
           ├─  559 /usr/sbin/apache2 -k start
           ├─19904 /usr/sbin/apache2 -k start
           ├─21695 /usr/sbin/apache2 -k start
           ├─21996 /usr/sbin/apache2 -k start
           ├─22270 /usr/sbin/apache2 -k start
           ├─22338 /usr/sbin/apache2 -k start
           ├─22406 /usr/sbin/apache2 -k start
           ├─23712 /usr/sbin/apache2 -k start
           ├─23738 /usr/sbin/apache2 -k start
           ├─23796 /usr/sbin/apache2 -k start
           ├─24093 /usr/sbin/apache2 -k start
           ├─24101 /usr/sbin/apache2 -k start
           ├─24582 /usr/sbin/apache2 -k start
           ├─25176 /usr/sbin/apache2 -k start
           └─25289 /usr/sbin/apache2 -k start

May 14 00:14:32 pwwwwlicomzf-fe-11 systemd[1]: Starting LSB: Apache2 web server...
May 14 00:14:38 pwwwwlicomzf-fe-11 apache2[465]: Starting web server: apache2.
May 14 00:14:38 pwwwwlicomzf-fe-11 systemd[1]: Started LSB: Apache2 web server.
May 14 06:25:04 pwwwwlicomzf-fe-11 systemd[1]: Reloading LSB: Apache2 web server.
May 14 06:25:04 pwwwwlicomzf-fe-11 apache2[12781]: Reloading web server: apache2.
May 14 06:25:04 pwwwwlicomzf-fe-11 systemd[1]: Reloaded LSB: Apache2 web server.
PWWWWLICOMZF-FE-41 | SUCCESS | rc=0 >>
● apache2.service - LSB: Apache2 web server
   Loaded: loaded (/etc/init.d/apache2)
  Drop-In: /lib/systemd/system/apache2.service.d
           └─forking.conf
   Active: active (MINA) since Thu 2018-04-26 11:07:10 CEST; 2 weeks 4 days ago
  Process: 82912 ExecStop=/etc/init.d/apache2 stop (code=exited, status=0/SUCCESS)
  Process: 74062 ExecReload=/etc/init.d/apache2 reload (code=exited, status=0/SUCCESS)
  Process: 83109 ExecStart=/etc/init.d/apache2 start (code=exited, status=0/SUCCESS)
   CGroup: /system.slice/apache2.service
           ├─31024 /usr/sbin/apache2 -k start
           ├─74341 /usr/sbin/apache2 -k start
           ├─80611 /usr/sbin/apache2 -k start
           ├─80782 /usr/sbin/apache2 -k start
           ├─81475 /usr/sbin/apache2 -k start
           ├─82090 /usr/sbin/apache2 -k start
           ├─82566 /usr/sbin/apache2 -k start
           ├─82595 /usr/sbin/apache2 -k start
           ├─83123 /usr/sbin/apache2 -k start
           ├─83492 /usr/sbin/apache2 -k start
           ├─83519 /usr/sbin/apache2 -k start
           ├─84183 /usr/sbin/apache2 -k start
           ├─84185 /usr/sbin/apache2 -k start
           ├─84682 /usr/sbin/apache2 -k start
           ├─85020 /usr/sbin/apache2 -k start
           └─85238 /usr/sbin/apache2 -k start

May 11 06:25:02 pwwwwlicomzf-fe-41 systemd[1]: Reloaded LSB: Apache2 web server.
May 12 06:25:01 pwwwwlicomzf-fe-41 systemd[1]: Reloading LSB: Apache2 web server.
May 12 06:25:02 pwwwwlicomzf-fe-41 apache2[115057]: Reloading web server: apache2.
May 12 06:25:02 pwwwwlicomzf-fe-41 systemd[1]: Reloaded LSB: Apache2 web server.
May 13 06:25:01 pwwwwlicomzf-fe-41 systemd[1]: Reloading LSB: Apache2 web server.
May 13 06:25:02 pwwwwlicomzf-fe-41 apache2[28942]: Reloading web server: apache2.
May 13 06:25:02 pwwwwlicomzf-fe-41 systemd[1]: Reloaded LSB: Apache2 web server.
May 14 06:25:02 pwwwwlicomzf-fe-41 systemd[1]: Reloading LSB: Apache2 web server.
May 14 06:25:02 pwwwwlicomzf-fe-41 systemd[1]: Reloaded LSB: Apache2 web server.
May 14 06:25:02 pwwwwlicomzf-fe-41 apache2[74062]: Reloading web server: apache2.
PWWWWLICOMZF-FE-15 | SUCCESS | rc=0 >>
● apache2.service - LSB: Apache2 web server
   Loaded: loaded (/etc/init.d/apache2)
  Drop-In: /lib/systemd/system/apache2.service.d
           └─forking.conf
   Active: active (running) since Thu 2018-04-26 11:10:02 CEST; 2 weeks 4 days ago
  Process: 30711 ExecStop=/etc/init.d/apache2 stop (code=exited, status=0/SUCCESS)
  Process: 61075 ExecReload=/etc/init.d/apache2 reload (code=exited, status=0/SUCCESS)
  Process: 30939 ExecStart=/etc/init.d/apache2 start (code=exited, status=0/SUCCESS)
   CGroup: /system.slice/apache2.service
           ├─30953 /usr/sbin/apache2 -k start
           ├─63642 /usr/sbin/apache2 -k start
           ├─67714 /usr/sbin/apache2 -k start
           ├─70540 /usr/sbin/apache2 -k start
           ├─70594 /usr/sbin/apache2 -k start
           ├─70595 /usr/sbin/apache2 -k start
           ├─70656 /usr/sbin/apache2 -k start
           ├─70657 /usr/sbin/apache2 -k start
           ├─70710 /usr/sbin/apache2 -k start
           ├─70716 /usr/sbin/apache2 -k start
           ├─70722 /usr/sbin/apache2 -k start
           ├─70806 /usr/sbin/apache2 -k start
           ├─70967 /usr/sbin/apache2 -k start
           ├─71027 /usr/sbin/apache2 -k start
           ├─71889 /usr/sbin/apache2 -k start
           ├─72347 /usr/sbin/apache2 -k start
           └─72402 /usr/sbin/apache2 -k start

May 11 06:25:01 pwwwwlicomzf-fe-15 systemd[1]: Reloaded LSB: Apache2 web server.
May 12 06:25:02 pwwwwlicomzf-fe-15 systemd[1]: Reloading LSB: Apache2 web server.
May 12 06:25:02 pwwwwlicomzf-fe-15 systemd[1]: Reloaded LSB: Apache2 web server.
May 12 06:25:02 pwwwwlicomzf-fe-15 apache2[102175]: Reloading web server: apache2.
May 13 06:25:01 pwwwwlicomzf-fe-15 systemd[1]: Reloading LSB: Apache2 web server.
May 13 06:25:01 pwwwwlicomzf-fe-15 systemd[1]: Reloaded LSB: Apache2 web server.
May 13 06:25:01 pwwwwlicomzf-fe-15 apache2[16107]: Reloading web server: apache2.
May 14 06:25:01 pwwwwlicomzf-fe-15 systemd[1]: Reloading LSB: Apache2 web server.
May 14 06:25:01 pwwwwlicomzf-fe-15 apache2[61075]: Reloading web server: apache2.
May 14 06:25:01 pwwwwlicomzf-fe-15 systemd[1]: Reloaded LSB: Apache2 web server.
PWWWWLICOMZF-FE-21 | SUCCESS | rc=0 >>
● apache2.service - LSB: Apache2 web server
   Loaded: loaded (/etc/init.d/apache2)
  Drop-In: /lib/systemd/system/apache2.service.d
           └─forking.conf
   Active: active (running) since Mon 2018-05-14 00:19:37 CEST; 12h ago
  Process: 12678 ExecReload=/etc/init.d/apache2 reload (code=exited, status=0/SUCCESS)
  Process: 469 ExecStart=/etc/init.d/apache2 start (code=exited, status=0/SUCCESS)
   CGroup: /system.slice/apache2.service
           ├─  577 /usr/sbin/apache2 -k start
           ├─21505 /usr/sbin/apache2 -k start
           ├─22014 /usr/sbin/apache2 -k start
           ├─22988 /usr/sbin/apache2 -k start
           ├─23528 /usr/sbin/apache2 -k start
           ├─23540 /usr/sbin/apache2 -k start
           ├─23660 /usr/sbin/apache2 -k start
           ├─23674 /usr/sbin/apache2 -k start
           ├─24067 /usr/sbin/apache2 -k start
           ├─24322 /usr/sbin/apache2 -k start
           ├─24633 /usr/sbin/apache2 -k start
           ├─24722 /usr/sbin/apache2 -k start
           ├─24905 /usr/sbin/apache2 -k start
           ├─25133 /usr/sbin/apache2 -k start
           └─25311 /usr/sbin/apache2 -k start

May 14 00:19:30 pwwwwlicomzf-fe-21 systemd[1]: Starting LSB: Apache2 web server...
May 14 00:19:37 pwwwwlicomzf-fe-21 apache2[469]: Starting web server: apache2.
May 14 00:19:37 pwwwwlicomzf-fe-21 systemd[1]: Started LSB: Apache2 web server.
May 14 06:25:03 pwwwwlicomzf-fe-21 systemd[1]: Reloading LSB: Apache2 web server.
May 14 06:25:03 pwwwwlicomzf-fe-21 apache2[12678]: Reloading web server: apache2.
May 14 06:25:03 pwwwwlicomzf-fe-21 systemd[1]: Reloaded LSB: Apache2 web server.
PWWWWLICOMZF-FE-42 | SUCCESS | rc=0 >>
● apache2.service - LSB: Apache2 web server
   Loaded: loaded (/etc/init.d/apache2)
  Drop-In: /lib/systemd/system/apache2.service.d
           └─forking.conf
   Active: active (running) since Thu 2018-04-26 11:07:31 CEST; 2 weeks 4 days ago
  Process: 81425 ExecStop=/etc/init.d/apache2 stop (code=exited, status=0/SUCCESS)
  Process: 113527 ExecReload=/etc/init.d/apache2 reload (code=exited, status=0/SUCCESS)
  Process: 81626 ExecStart=/etc/init.d/apache2 start (code=exited, status=0/SUCCESS)
   CGroup: /system.slice/apache2.service
           ├─ 81640 /usr/sbin/apache2 -k start
           ├─115255 /usr/sbin/apache2 -k start
           ├─120441 /usr/sbin/apache2 -k start
           ├─120732 /usr/sbin/apache2 -k start
           ├─120734 /usr/sbin/apache2 -k start
           ├─121981 /usr/sbin/apache2 -k start
           ├─123141 /usr/sbin/apache2 -k start
           ├─123142 /usr/sbin/apache2 -k start
           ├─123157 /usr/sbin/apache2 -k start
           ├─123647 /usr/sbin/apache2 -k start
           ├─123687 /usr/sbin/apache2 -k start
           ├─123856 /usr/sbin/apache2 -k start
           ├─124085 /usr/sbin/apache2 -k start
           ├─124480 /usr/sbin/apache2 -k start
           └─124627 /usr/sbin/apache2 -k start

May 11 06:25:01 pwwwwlicomzf-fe-42 systemd[1]: Reloaded LSB: Apache2 web server.
May 12 06:25:02 pwwwwlicomzf-fe-42 systemd[1]: Reloading LSB: Apache2 web server.
May 12 06:25:02 pwwwwlicomzf-fe-42 apache2[23564]: Reloading web server: apache2.
May 12 06:25:02 pwwwwlicomzf-fe-42 systemd[1]: Reloaded LSB: Apache2 web server.
May 13 06:25:02 pwwwwlicomzf-fe-42 systemd[1]: Reloading LSB: Apache2 web server.
May 13 06:25:02 pwwwwlicomzf-fe-42 apache2[68274]: Reloading web server: apache2.
May 13 06:25:02 pwwwwlicomzf-fe-42 systemd[1]: Reloaded LSB: Apache2 web server.
May 14 06:25:01 pwwwwlicomzf-fe-42 systemd[1]: Reloading LSB: Apache2 web server.
May 14 06:25:01 pwwwwlicomzf-fe-42 apache2[113527]: Reloading web server: apache2.
May 14 06:25:01 pwwwwlicomzf-fe-42 systemd[1]: Reloaded LSB: Apache2 web server.
PWWWWLICOMZF-FE-48 | SUCCESS | rc=0 >>
● apache2.service - LSB: Apache2 web server
   Loaded: loaded (/etc/init.d/apache2)
  Drop-In: /lib/systemd/system/apache2.service.d
           └─forking.conf
   Active: active (running) since Mon 2018-04-30 10:25:46 CEST; 2 weeks 0 days ago
  Process: 77957 ExecReload=/etc/init.d/apache2 reload (code=exited, status=0/SUCCESS)
  Process: 466 ExecStart=/etc/init.d/apache2 start (code=exited, status=0/SUCCESS)
   CGroup: /system.slice/apache2.service
           ├─  534 /usr/sbin/apache2 -k start
           ├─84976 /usr/sbin/apache2 -k start
           ├─85940 /usr/sbin/apache2 -k start
           ├─86365 /usr/sbin/apache2 -k start
           ├─87862 /usr/sbin/apache2 -k start
           ├─87863 /usr/sbin/apache2 -k start
           ├─87873 /usr/sbin/apache2 -k start
           ├─87877 /usr/sbin/apache2 -k start
           ├─87894 /usr/sbin/apache2 -k start
           ├─87999 /usr/sbin/apache2 -k start
           ├─88152 /usr/sbin/apache2 -k start
           ├─88279 /usr/sbin/apache2 -k start
           ├─88419 /usr/sbin/apache2 -k start
           ├─88910 /usr/sbin/apache2 -k start
           ├─89059 /usr/sbin/apache2 -k start
           └─89092 /usr/sbin/apache2 -k start

May 11 06:25:02 pwwwwlicomzf-fe-48 systemd[1]: Reloaded LSB: Apache2 web server.
May 12 06:25:01 pwwwwlicomzf-fe-48 systemd[1]: Reloading LSB: Apache2 web server.
May 12 06:25:01 pwwwwlicomzf-fe-48 apache2[118905]: Reloading web server: apache2.
May 12 06:25:01 pwwwwlicomzf-fe-48 systemd[1]: Reloaded LSB: Apache2 web server.
May 13 06:25:01 pwwwwlicomzf-fe-48 systemd[1]: Reloading LSB: Apache2 web server.
May 13 06:25:01 pwwwwlicomzf-fe-48 apache2[32704]: Reloading web server: apache2.
May 13 06:25:01 pwwwwlicomzf-fe-48 systemd[1]: Reloaded LSB: Apache2 web server.
May 14 06:25:02 pwwwwlicomzf-fe-48 systemd[1]: Reloading LSB: Apache2 web server.
May 14 06:25:02 pwwwwlicomzf-fe-48 systemd[1]: Reloaded LSB: Apache2 web server.
May 14 06:25:02 pwwwwlicomzf-fe-48 apache2[77957]: Reloading web server: apache2.
PWWWWLICOMZF-FE-29 | SUCCESS | rc=0 >>
● apache2.service - LSB: Apache2 web server
   Loaded: loaded (/etc/init.d/apache2)
  Drop-In: /lib/systemd/system/apache2.service.d
           └─forking.conf
   Active: active (running) since Thu 2018-04-26 11:08:53 CEST; 2 weeks 4 days ago
  Process: 36024 ExecStop=/etc/init.d/apache2 stop (code=exited, status=0/SUCCESS)
  Process: 125053 ExecReload=/etc/init.d/apache2 reload (code=exited, status=0/SUCCESS)
  Process: 36217 ExecStart=/etc/init.d/apache2 start (code=exited, status=0/SUCCESS)
   CGroup: /system.slice/apache2.service
           ├─ 1185 /usr/sbin/apache2 -k start
           ├─ 1517 /usr/sbin/apache2 -k start
           ├─ 1967 /usr/sbin/apache2 -k start
           ├─ 2468 /usr/sbin/apache2 -k start
           ├─ 2569 /usr/sbin/apache2 -k start
           ├─ 3277 /usr/sbin/apache2 -k start
           ├─ 4058 /usr/sbin/apache2 -k start
           ├─ 4188 /usr/sbin/apache2 -k start
           ├─ 4245 /usr/sbin/apache2 -k start
           ├─ 4272 /usr/sbin/apache2 -k start
           ├─ 4477 /usr/sbin/apache2 -k start
           ├─ 4502 /usr/sbin/apache2 -k start
           ├─ 5039 /usr/sbin/apache2 -k start
           ├─ 5323 /usr/sbin/apache2 -k start
           ├─36231 /usr/sbin/apache2 -k start
           └─54903 /usr/sbin/apache2 -k start

May 11 06:25:02 pwwwwlicomzf-fe-29 systemd[1]: Reloaded LSB: Apache2 web server.
May 12 06:25:02 pwwwwlicomzf-fe-29 systemd[1]: Reloading LSB: Apache2 web server.
May 12 06:25:02 pwwwwlicomzf-fe-29 apache2[105910]: Reloading web server: apache2.
May 12 06:25:02 pwwwwlicomzf-fe-29 systemd[1]: Reloaded LSB: Apache2 web server.
May 13 06:25:02 pwwwwlicomzf-fe-29 systemd[1]: Reloading LSB: Apache2 web server.
May 13 06:25:02 pwwwwlicomzf-fe-29 apache2[19572]: Reloading web server: apache2.
May 13 06:25:02 pwwwwlicomzf-fe-29 systemd[1]: Reloaded LSB: Apache2 web server.
May 14 06:25:02 pwwwwlicomzf-fe-29 systemd[1]: Reloading LSB: Apache2 web server.
May 14 06:25:02 pwwwwlicomzf-fe-29 apache2[125053]: Reloading web server: apache2.
May 14 06:25:02 pwwwwlicomzf-fe-29 systemd[1]: Reloaded LSB: Apache2 web server.
PWWWWLICOMZF-FE-12 | SUCCESS | rc=0 >>
● apache2.service - LSB: Apache2 web server
   Loaded: loaded (/etc/init.d/apache2)
  Drop-In: /lib/systemd/system/apache2.service.d
           └─forking.conf
   Active: active (running) since Thu 2018-04-26 11:07:05 CEST; 2 weeks 4 days ago
  Process: 25401 ExecStop=/etc/init.d/apache2 stop (code=exited, status=0/SUCCESS)
  Process: 83899 ExecReload=/etc/init.d/apache2 reload (code=exited, status=0/SUCCESS)
  Process: 25603 ExecStart=/etc/init.d/apache2 start (code=exited, status=0/SUCCESS)
   CGroup: /system.slice/apache2.service
           ├─ 25617 /usr/sbin/apache2 -k start
           ├─ 87926 /usr/sbin/apache2 -k start
           ├─ 88708 /usr/sbin/apache2 -k start
           ├─ 91182 /usr/sbin/apache2 -k start
           ├─ 91183 /usr/sbin/apache2 -k start
           ├─ 91966 /usr/sbin/apache2 -k start
           ├─ 92253 /usr/sbin/apache2 -k start
           ├─ 92903 /usr/sbin/apache2 -k start
           ├─ 92927 /usr/sbin/apache2 -k start
           ├─ 92946 /usr/sbin/apache2 -k start
           ├─ 93381 /usr/sbin/apache2 -k start
           ├─ 93486 /usr/sbin/apache2 -k start
           ├─ 93504 /usr/sbin/apache2 -k start
           ├─ 94410 /usr/sbin/apache2 -k start
           ├─ 94522 /usr/sbin/apache2 -k start
           └─115350 /usr/sbin/apache2 -k start

May 11 06:25:02 pwwwwlicomzf-fe-12 apache2[80330]: Reloading web server: apache2.
May 12 06:25:02 pwwwwlicomzf-fe-12 systemd[1]: Reloading LSB: Apache2 web server.
May 12 06:25:02 pwwwwlicomzf-fe-12 apache2[124996]: Reloading web server: apache2.
May 12 06:25:02 pwwwwlicomzf-fe-12 systemd[1]: Reloaded LSB: Apache2 web server.
May 13 06:25:02 pwwwwlicomzf-fe-12 systemd[1]: Reloading LSB: Apache2 web server.
May 13 06:25:02 pwwwwlicomzf-fe-12 systemd[1]: Reloaded LSB: Apache2 web server.
May 13 06:25:02 pwwwwlicomzf-fe-12 apache2[38738]: Reloading web server: apache2.
May 14 06:25:02 pwwwwlicomzf-fe-12 systemd[1]: Reloading LSB: Apache2 web server.
May 14 06:25:02 pwwwwlicomzf-fe-12 apache2[83899]: Reloading web server: apache2.
May 14 06:25:02 pwwwwlicomzf-fe-12 systemd[1]: Reloaded LSB: Apache2 web server.
PWWWWLICOMZF-FE-43 | SUCCESS | rc=0 >>
● apache2.service - LSB: Apache2 web server
   Loaded: loaded (/etc/init.d/apache2)
  Drop-In: /lib/systemd/system/apache2.service.d
           └─forking.conf
   Active: active (running) since Mon 2018-05-14 00:24:33 CEST; 12h ago
  Process: 12602 ExecReload=/etc/init.d/apache2 reload (code=exited, status=0/SUCCESS)
  Process: 467 ExecStart=/etc/init.d/apache2 start (code=exited, status=0/SUCCESS)
   CGroup: /system.slice/apache2.service
           ├─  569 /usr/sbin/apache2 -k start
           ├─17963 /usr/sbin/apache2 -k start
           ├─22602 /usr/sbin/apache2 -k start
           ├─22956 /usr/sbin/apache2 -k start
           ├─23507 /usr/sbin/apache2 -k start
           ├─23614 /usr/sbin/apache2 -k start
           ├─23634 /usr/sbin/apache2 -k start
           ├─23647 /usr/sbin/apache2 -k start
           ├─23692 /usr/sbin/apache2 -k start
           ├─23990 /usr/sbin/apache2 -k start
           ├─24155 /usr/sbin/apache2 -k start
           ├─24200 /usr/sbin/apache2 -k start
           ├─24552 /usr/sbin/apache2 -k start
           ├─25051 /usr/sbin/apache2 -k start
           └─25488 /usr/sbin/apache2 -k start

May 14 00:24:26 pwwwwlicomzf-fe-43 systemd[1]: Starting LSB: Apache2 web server...
May 14 00:24:33 pwwwwlicomzf-fe-43 apache2[467]: Starting web server: apache2.
May 14 00:24:33 pwwwwlicomzf-fe-43 systemd[1]: Started LSB: Apache2 web server.
May 14 06:25:04 pwwwwlicomzf-fe-43 systemd[1]: Reloading LSB: Apache2 web server.
May 14 06:25:04 pwwwwlicomzf-fe-43 apache2[12602]: Reloading web server: apache2.
May 14 06:25:04 pwwwwlicomzf-fe-43 systemd[1]: Reloaded LSB: Apache2 web server.
PWWWWLICOMZF-FE-10 | SUCCESS | rc=0 >>
● apache2.service - LSB: Apache2 web server
   Loaded: loaded (/etc/init.d/apache2)
  Drop-In: /lib/systemd/system/apache2.service.d
           └─forking.conf
   Active: active (running) since Wed 2018-05-09 17:28:35 CEST; 4 days ago
  Process: 85898 ExecReload=/etc/init.d/apache2 reload (code=exited, status=0/SUCCESS)
  Process: 459 ExecStart=/etc/init.d/apache2 start (code=exited, status=0/SUCCESS)
   CGroup: /system.slice/apache2.service
           ├─  549 /usr/sbin/apache2 -k start
           ├─88844 /usr/sbin/apache2 -k start
           ├─91734 /usr/sbin/apache2 -k start
           ├─92008 /usr/sbin/apache2 -k start
           ├─93856 /usr/sbin/apache2 -k start
           ├─94892 /usr/sbin/apache2 -k start
           ├─94959 /usr/sbin/apache2 -k start
           ├─96032 /usr/sbin/apache2 -k start
           ├─96346 /usr/sbin/apache2 -k start
           ├─96352 /usr/sbin/apache2 -k start
           ├─96354 /usr/sbin/apache2 -k start
           ├─96702 /usr/sbin/apache2 -k start
           ├─96934 /usr/sbin/apache2 -k start
           ├─97701 /usr/sbin/apache2 -k start
           └─97843 /usr/sbin/apache2 -k start

May 11 06:25:02 pwwwwlicomzf-fe-10 systemd[1]: Reloaded LSB: Apache2 web server.
May 12 06:25:02 pwwwwlicomzf-fe-10 systemd[1]: Reloading LSB: Apache2 web server.
May 12 06:25:02 pwwwwlicomzf-fe-10 systemd[1]: Reloaded LSB: Apache2 web server.
May 12 06:25:02 pwwwwlicomzf-fe-10 apache2[121683]: Reloading web server: apache2.
May 13 06:25:02 pwwwwlicomzf-fe-10 systemd[1]: Reloading LSB: Apache2 web server.
May 13 06:25:02 pwwwwlicomzf-fe-10 apache2[37760]: Reloading web server: apache2.
May 13 06:25:02 pwwwwlicomzf-fe-10 systemd[1]: Reloaded LSB: Apache2 web server.
May 14 06:25:01 pwwwwlicomzf-fe-10 systemd[1]: Reloading LSB: Apache2 web server.
May 14 06:25:01 pwwwwlicomzf-fe-10 systemd[1]: Reloaded LSB: Apache2 web server.
May 14 06:25:01 pwwwwlicomzf-fe-10 apache2[85898]: Reloading web server: apache2.
PWWWWLICOMZF-FE-46 | SUCCESS | rc=0 >>
● apache2.service - LSB: Apache2 web server
   Loaded: loaded (/etc/init.d/apache2)
  Drop-In: /lib/systemd/system/apache2.service.d
           └─forking.conf
   Active: active (running) since Mon 2018-05-14 00:29:29 CEST; 12h ago
  Process: 12542 ExecReload=/etc/init.d/apache2 reload (code=exited, status=0/SUCCESS)
  Process: 466 ExecStart=/etc/init.d/apache2 start (code=exited, status=0/SUCCESS)
   CGroup: /system.slice/apache2.service
           ├─  561 /usr/sbin/apache2 -k start
           ├─20595 /usr/sbin/apache2 -k start
           ├─20762 /usr/sbin/apache2 -k start
           ├─21886 /usr/sbin/apache2 -k start
           ├─21887 /usr/sbin/apache2 -k start
           ├─22110 /usr/sbin/apache2 -k start
           ├─22726 /usr/sbin/apache2 -k start
           ├─23326 /usr/sbin/apache2 -k start
           ├─23480 /usr/sbin/apache2 -k start
           ├─23481 /usr/sbin/apache2 -k start
           ├─23487 /usr/sbin/apache2 -k start
           ├─23498 /usr/sbin/apache2 -k start
           ├─23499 /usr/sbin/apache2 -k start
           ├─23852 /usr/sbin/apache2 -k start
           └─24834 /usr/sbin/apache2 -k start

May 14 00:29:23 pwwwwlicomzf-fe-46 systemd[1]: Starting LSB: Apache2 web server...
May 14 00:29:29 pwwwwlicomzf-fe-46 apache2[466]: Starting web server: apache2.
May 14 00:29:29 pwwwwlicomzf-fe-46 systemd[1]: Started LSB: Apache2 web server.
May 14 06:25:03 pwwwwlicomzf-fe-46 systemd[1]: Reloading LSB: Apache2 web server.
May 14 06:25:03 pwwwwlicomzf-fe-46 apache2[12542]: Reloading web server: apache2.
May 14 06:25:03 pwwwwlicomzf-fe-46 systemd[1]: Reloaded LSB: Apache2 web server.
PWWWWLICOMZF-FE-16 | SUCCESS | rc=0 >>
● apache2.service - LSB: Apache2 web server
   Loaded: loaded (/etc/init.d/apache2)
  Drop-In: /lib/systemd/system/apache2.service.d
           └─forking.conf
   Active: active (running) since Mon 2018-04-30 10:30:46 CEST; 2 weeks 0 days ago
  Process: 124007 ExecReload=/etc/init.d/apache2 reload (code=exited, status=0/SUCCESS)
  Process: 469 ExecStart=/etc/init.d/apache2 start (code=exited, status=0/SUCCESS)
   CGroup: /system.slice/apache2.service
           ├─   550 /usr/sbin/apache2 -k start
           ├─   817 /usr/sbin/apache2 -k start
           ├─  1579 /usr/sbin/apache2 -k start
           ├─  2568 /usr/sbin/apache2 -k start
           ├─  2946 /usr/sbin/apache2 -k start
           ├─  3070 /usr/sbin/apache2 -k start
           ├─  3071 /usr/sbin/apache2 -k start
           ├─  3080 /usr/sbin/apache2 -k start
           ├─  3200 /usr/sbin/apache2 -k start
           ├─  3919 /usr/sbin/apache2 -k start
           ├─  3972 /usr/sbin/apache2 -k start
           ├─  4150 /usr/sbin/apache2 -k start
           ├─  4328 /usr/sbin/apache2 -k start
           ├─130585 /usr/sbin/apache2 -k start
           └─130703 /usr/sbin/apache2 -k start

May 11 06:25:01 pwwwwlicomzf-fe-16 systemd[1]: Reloaded LSB: Apache2 web server.
May 12 06:25:02 pwwwwlicomzf-fe-16 systemd[1]: Reloading LSB: Apache2 web server.
May 12 06:25:02 pwwwwlicomzf-fe-16 systemd[1]: Reloaded LSB: Apache2 web server.
May 12 06:25:02 pwwwwlicomzf-fe-16 apache2[34803]: Reloading web server: apache2.
May 13 06:25:01 pwwwwlicomzf-fe-16 systemd[1]: Reloading LSB: Apache2 web server.
May 13 06:25:01 pwwwwlicomzf-fe-16 apache2[79220]: Reloading web server: apache2.
May 13 06:25:01 pwwwwlicomzf-fe-16 systemd[1]: Reloaded LSB: Apache2 web server.
May 14 06:25:01 pwwwwlicomzf-fe-16 systemd[1]: Reloading LSB: Apache2 web server.
May 14 06:25:01 pwwwwlicomzf-fe-16 apache2[124007]: Reloading web server: apache2.
May 14 06:25:01 pwwwwlicomzf-fe-16 systemd[1]: Reloaded LSB: Apache2 web server.
PWWWWLICOMZF-FE-24 | SUCCESS | rc=0 >>
● apache2.service - LSB: Apache2 web server
   Loaded: loaded (/etc/init.d/apache2)
  Drop-In: /lib/systemd/system/apache2.service.d
           └─forking.conf
   Active: active (running) since Mon 2018-04-30 10:23:59 CEST; 2 weeks 0 days ago
  Process: 117426 ExecReload=/etc/init.d/apache2 reload (code=exited, status=0/SUCCESS)
  Process: 467 ExecStart=/etc/init.d/apache2 start (code=exited, status=0/SUCCESS)
   CGroup: /system.slice/apache2.service
           ├─   557 /usr/sbin/apache2 -k start
           ├─118685 /usr/sbin/apache2 -k start
           ├─122220 /usr/sbin/apache2 -k start
           ├─126658 /usr/sbin/apache2 -k start
           ├─126669 /usr/sbin/apache2 -k start
           ├─127297 /usr/sbin/apache2 -k start
           ├─127298 /usr/sbin/apache2 -k start
           ├─127299 /usr/sbin/apache2 -k start
           ├─127635 /usr/sbin/apache2 -k start
           ├─127929 /usr/sbin/apache2 -k start
           ├─127961 /usr/sbin/apache2 -k start
           ├─128245 /usr/sbin/apache2 -k start
           ├─128287 /usr/sbin/apache2 -k start
           ├─128611 /usr/sbin/apache2 -k start
           └─128632 /usr/sbin/apache2 -k start

May 11 06:25:02 pwwwwlicomzf-fe-24 systemd[1]: Reloaded LSB: Apache2 web server.
May 12 06:25:02 pwwwwlicomzf-fe-24 systemd[1]: Reloading LSB: Apache2 web server.
May 12 06:25:02 pwwwwlicomzf-fe-24 apache2[27637]: Reloading web server: apache2.
May 12 06:25:02 pwwwwlicomzf-fe-24 systemd[1]: Reloaded LSB: Apache2 web server.
May 13 06:25:01 pwwwwlicomzf-fe-24 systemd[1]: Reloading LSB: Apache2 web server.
May 13 06:25:01 pwwwwlicomzf-fe-24 apache2[72251]: Reloading web server: apache2.
May 13 06:25:01 pwwwwlicomzf-fe-24 systemd[1]: Reloaded LSB: Apache2 web server.
May 14 06:25:02 pwwwwlicomzf-fe-24 systemd[1]: Reloading LSB: Apache2 web server.
May 14 06:25:02 pwwwwlicomzf-fe-24 apache2[117426]: Reloading web server: apache2.
May 14 06:25:02 pwwwwlicomzf-fe-24 systemd[1]: Reloaded LSB: Apache2 web server.
PWWWWLICOMZF-FE-13 | SUCCESS | rc=0 >>
● apache2.service - LSB: Apache2 web server
   Loaded: loaded (/etc/init.d/apache2)
  Drop-In: /lib/systemd/system/apache2.service.d
           └─forking.conf
   Active: active (running) since Thu 2018-04-26 11:08:30 CEST; 2 weeks 4 days ago
  Process: 34181 ExecStop=/etc/init.d/apache2 stop (code=exited, status=0/SUCCESS)
  Process: 63554 ExecReload=/etc/init.d/apache2 reload (code=exited, status=0/SUCCESS)
  Process: 34363 ExecStart=/etc/init.d/apache2 start (code=exited, status=0/SUCCESS)
   CGroup: /system.slice/apache2.service
           ├─34377 /usr/sbin/apache2 -k start
           ├─64644 /usr/sbin/apache2 -k start
           ├─71597 /usr/sbin/apache2 -k start
           ├─72116 /usr/sbin/apache2 -k start
           ├─72457 /usr/sbin/apache2 -k start
           ├─72474 /usr/sbin/apache2 -k start
           ├─72924 /usr/sbin/apache2 -k start
           ├─73099 /usr/sbin/apache2 -k start
           ├─73193 /usr/sbin/apache2 -k start
           ├─73205 /usr/sbin/apache2 -k start
           ├─73212 /usr/sbin/apache2 -k start
           ├─73582 /usr/sbin/apache2 -k start
           ├─74034 /usr/sbin/apache2 -k start
           ├─74361 /usr/sbin/apache2 -k start
           ├─74806 /usr/sbin/apache2 -k start
           └─74940 /usr/sbin/apache2 -k start

May 11 06:25:01 pwwwwlicomzf-fe-13 systemd[1]: Reloaded LSB: Apache2 web server.
May 12 06:25:01 pwwwwlicomzf-fe-13 systemd[1]: Reloading LSB: Apache2 web server.
May 12 06:25:01 pwwwwlicomzf-fe-13 apache2[104791]: Reloading web server: apache2.
May 12 06:25:01 pwwwwlicomzf-fe-13 systemd[1]: Reloaded LSB: Apache2 web server.
May 13 06:25:01 pwwwwlicomzf-fe-13 systemd[1]: Reloading LSB: Apache2 web server.
May 13 06:25:02 pwwwwlicomzf-fe-13 apache2[18465]: Reloading web server: apache2.
May 13 06:25:02 pwwwwlicomzf-fe-13 systemd[1]: Reloaded LSB: Apache2 web server.
May 14 06:25:02 pwwwwlicomzf-fe-13 systemd[1]: Reloading LSB: Apache2 web server.
May 14 06:25:02 pwwwwlicomzf-fe-13 apache2[63554]: Reloading web server: apache2.
May 14 06:25:02 pwwwwlicomzf-fe-13 systemd[1]: Reloaded LSB: Apache2 web server.
PWWWWLICOMZF-FE-14 | SUCCESS | rc=0 >>
● apache2.service - LSB: Apache2 web server
   Loaded: loaded (/etc/init.d/apache2)
  Drop-In: /lib/systemd/system/apache2.service.d
           └─forking.conf
   Active: active (running) since Thu 2018-04-26 11:07:09 CEST; 2 weeks 4 days ago
  Process: 27721 ExecStop=/etc/init.d/apache2 stop (code=exited, status=0/SUCCESS)
  Process: 56250 ExecReload=/etc/init.d/apache2 reload (code=exited, status=0/SUCCESS)
  Process: 27915 ExecStart=/etc/init.d/apache2 start (code=exited, status=0/SUCCESS)
   CGroup: /system.slice/apache2.service
           ├─27929 /usr/sbin/apache2 -k start
           ├─63205 /usr/sbin/apache2 -k start
           ├─64285 /usr/sbin/apache2 -k start
           ├─64450 /usr/sbin/apache2 -k start
           ├─65276 /usr/sbin/apache2 -k start
           ├─65720 /usr/sbin/apache2 -k start
           ├─65738 /usr/sbin/apache2 -k start
           ├─65832 /usr/sbin/apache2 -k start
           ├─65839 /usr/sbin/apache2 -k start
           ├─65841 /usr/sbin/apache2 -k start
           ├─65845 /usr/sbin/apache2 -k start
           ├─65855 /usr/sbin/apache2 -k start
           ├─66536 /usr/sbin/apache2 -k start
           ├─66636 /usr/sbin/apache2 -k start
           ├─67196 /usr/sbin/apache2 -k start
           └─67470 /usr/sbin/apache2 -k start

May 11 06:25:01 pwwwwlicomzf-fe-14 systemd[1]: Reloaded LSB: Apache2 web server.
May 12 06:25:01 pwwwwlicomzf-fe-14 systemd[1]: Reloading LSB: Apache2 web server.
May 12 06:25:01 pwwwwlicomzf-fe-14 apache2[97491]: Reloading web server: apache2.
May 12 06:25:01 pwwwwlicomzf-fe-14 systemd[1]: Reloaded LSB: Apache2 web server.
May 13 06:25:01 pwwwwlicomzf-fe-14 systemd[1]: Reloading LSB: Apache2 web server.
May 13 06:25:01 pwwwwlicomzf-fe-14 apache2[11285]: Reloading web server: apache2.
May 13 06:25:01 pwwwwlicomzf-fe-14 systemd[1]: Reloaded LSB: Apache2 web server.
May 14 06:25:01 pwwwwlicomzf-fe-14 systemd[1]: Reloading LSB: Apache2 web server.
May 14 06:25:01 pwwwwlicomzf-fe-14 apache2[56250]: Reloading web server: apache2.
May 14 06:25:01 pwwwwlicomzf-fe-14 systemd[1]: Reloaded LSB: Apache2 web server.
PWWWWLICOMZF-FE-44 | SUCCESS | rc=0 >>
● apache2.service - LSB: Apache2 web server
   Loaded: loaded (/etc/init.d/apache2)
  Drop-In: /lib/systemd/system/apache2.service.d
           └─forking.conf
   Active: active (running) since Thu 2018-04-26 11:11:02 CEST; 2 weeks 4 days ago
  Process: 77899 ExecStop=/etc/init.d/apache2 stop (code=exited, status=0/SUCCESS)
  Process: 30019 ExecReload=/etc/init.d/apache2 reload (code=exited, status=0/SUCCESS)
  Process: 78139 ExecStart=/etc/init.d/apache2 start (code=exited, status=0/SUCCESS)
   CGroup: /system.slice/apache2.service
           ├─38084 /usr/sbin/apache2 -k start
           ├─38490 /usr/sbin/apache2 -k start
           ├─39164 /usr/sbin/apache2 -k start
           ├─39368 /usr/sbin/apache2 -k start
           ├─39729 /usr/sbin/apache2 -k start
           ├─39741 /usr/sbin/apache2 -k start
           ├─39921 /usr/sbin/apache2 -k start
           ├─40370 /usr/sbin/apache2 -k start
           ├─40372 /usr/sbin/apache2 -k start
           ├─40686 /usr/sbin/apache2 -k start
           ├─40770 /usr/sbin/apache2 -k start
           ├─40919 /usr/sbin/apache2 -k start
           ├─41041 /usr/sbin/apache2 -k start
           ├─41431 /usr/sbin/apache2 -k start
           ├─53230 /usr/sbin/apache2 -k start
           └─78153 /usr/sbin/apache2 -k start

May 11 06:25:02 pwwwwlicomzf-fe-44 apache2[105100]: Reloading web server: apache2.
May 12 06:25:02 pwwwwlicomzf-fe-44 systemd[1]: Reloading LSB: Apache2 web server.
May 12 06:25:02 pwwwwlicomzf-fe-44 apache2[19167]: Reloading web server: apache2.
May 12 06:25:02 pwwwwlicomzf-fe-44 systemd[1]: Reloaded LSB: Apache2 web server.
May 13 06:25:02 pwwwwlicomzf-fe-44 systemd[1]: Reloading LSB: Apache2 web server.
May 13 06:25:02 pwwwwlicomzf-fe-44 apache2[115481]: Reloading web server: apache2.
May 13 06:25:02 pwwwwlicomzf-fe-44 systemd[1]: Reloaded LSB: Apache2 web server.
May 14 06:25:02 pwwwwlicomzf-fe-44 systemd[1]: Reloading LSB: Apache2 web server.
May 14 06:25:02 pwwwwlicomzf-fe-44 apache2[30019]: Reloading web server: apache2.
May 14 06:25:02 pwwwwlicomzf-fe-44 systemd[1]: Reloaded LSB: Apache2 web server.
PWWWWLICOMZF-FE-23 | SUCCESS | rc=0 >>
● apache2.service - LSB: Apache2 web server
   Loaded: loaded (/etc/init.d/apache2)
  Drop-In: /lib/systemd/system/apache2.service.d
           └─forking.conf
   Active: active (running) since Mon 2018-05-14 00:34:29 CEST; 12h ago
  Process: 12203 ExecReload=/etc/init.d/apache2 reload (code=exited, status=0/SUCCESS)
  Process: 467 ExecStart=/etc/init.d/apache2 start (code=exited, status=0/SUCCESS)
   CGroup: /system.slice/apache2.service
           ├─  560 /usr/sbin/apache2 -k start
           ├─20288 /usr/sbin/apache2 -k start
           ├─21290 /usr/sbin/apache2 -k start
           ├─22238 /usr/sbin/apache2 -k start
           ├─22953 /usr/sbin/apache2 -k start
           ├─23098 /usr/sbin/apache2 -k start
           ├─23714 /usr/sbin/apache2 -k start
           ├─23985 /usr/sbin/apache2 -k start
           ├─24127 /usr/sbin/apache2 -k start
           ├─24204 /usr/sbin/apache2 -k start
           ├─24517 /usr/sbin/apache2 -k start
           ├─24518 /usr/sbin/apache2 -k start
           ├─24519 /usr/sbin/apache2 -k start
           ├─24600 /usr/sbin/apache2 -k start
           ├─24981 /usr/sbin/apache2 -k start
           └─24982 /usr/sbin/apache2 -k start

May 14 00:34:22 pwwwwlicomzf-fe-23 systemd[1]: Starting LSB: Apache2 web server...
May 14 00:34:29 pwwwwlicomzf-fe-23 apache2[467]: Starting web server: apache2.
May 14 00:34:29 pwwwwlicomzf-fe-23 systemd[1]: Started LSB: Apache2 web server.
May 14 06:25:04 pwwwwlicomzf-fe-23 systemd[1]: Reloading LSB: Apache2 web server.
May 14 06:25:04 pwwwwlicomzf-fe-23 apache2[12203]: Reloading web server: apache2.
May 14 06:25:04 pwwwwlicomzf-fe-23 systemd[1]: Reloaded LSB: Apache2 web server.
PWWWWLICOMZF-FE-47 | SUCCESS | rc=0 >>
● apache2.service - LSB: Apache2 web server
   Loaded: loaded (/etc/init.d/apache2)
  Drop-In: /lib/systemd/system/apache2.service.d
           └─forking.conf
   Active: active (running) since Thu 2018-04-26 11:07:26 CEST; 2 weeks 4 days ago
  Process: 81382 ExecStop=/etc/init.d/apache2 stop (code=exited, status=0/SUCCESS)
  Process: 111897 ExecReload=/etc/init.d/apache2 reload (code=exited, status=0/SUCCESS)
  Process: 81405 ExecStart=/etc/init.d/apache2 start (code=exited, status=0/SUCCESS)
   CGroup: /system.slice/apache2.service
           ├─ 81420 /usr/sbin/apache2 -k start
           ├─117986 /usr/sbin/apache2 -k start
           ├─118831 /usr/sbin/apache2 -k start
           ├─119782 /usr/sbin/apache2 -k start
           ├─120106 /usr/sbin/apache2 -k start
           ├─120528 /usr/sbin/apache2 -k start
           ├─121462 /usr/sbin/apache2 -k start
           ├─121470 /usr/sbin/apache2 -k start
           ├─121488 /usr/sbin/apache2 -k start
           ├─122078 /usr/sbin/apache2 -k start
           ├─122175 /usr/sbin/apache2 -k start
           ├─122281 /usr/sbin/apache2 -k start
           ├─122609 /usr/sbin/apache2 -k start
           ├─123050 /usr/sbin/apache2 -k start
           └─123077 /usr/sbin/apache2 -k start

May 11 06:25:02 pwwwwlicomzf-fe-47 apache2[108140]: Reloading web server: apache2.
May 12 06:25:02 pwwwwlicomzf-fe-47 systemd[1]: Reloading LSB: Apache2 web server.
May 12 06:25:02 pwwwwlicomzf-fe-47 apache2[22268]: Reloading web server: apache2.
May 12 06:25:02 pwwwwlicomzf-fe-47 systemd[1]: Reloaded LSB: Apache2 web server.
May 13 06:25:01 pwwwwlicomzf-fe-47 systemd[1]: Reloading LSB: Apache2 web server.
May 13 06:25:01 pwwwwlicomzf-fe-47 apache2[66827]: Reloading web server: apache2.
May 13 06:25:01 pwwwwlicomzf-fe-47 systemd[1]: Reloaded LSB: Apache2 web server.
May 14 06:25:02 pwwwwlicomzf-fe-47 systemd[1]: Reloading LSB: Apache2 web server.
May 14 06:25:02 pwwwwlicomzf-fe-47 apache2[111897]: Reloading web server: apache2.
May 14 06:25:02 pwwwwlicomzf-fe-47 systemd[1]: Reloaded LSB: Apache2 web server.
PWWWWLICOMZF-FE-9 | SUCCESS | rc=0 >>
● apache2.service - LSB: Apache2 web server
   Loaded: loaded (/etc/init.d/apache2)
  Drop-In: /lib/systemd/system/apache2.service.d
           └─forking.conf
   Active: active (running) since Mon 2018-04-30 10:06:00 CEST; 2 weeks 0 days ago
  Process: 46638 ExecReload=/etc/init.d/apache2 reload (code=exited, status=0/SUCCESS)
  Process: 469 ExecStart=/etc/init.d/apache2 start (code=exited, status=0/SUCCESS)
   CGroup: /system.slice/apache2.service
           ├─   562 /usr/sbin/apache2 -k start
           ├─   665 /usr/bin/newrelic-daemon --agent --pidfile /var/run/newrelic-daemon.pid --logfile /var/log/newrelic/newrelic-daemon.log --port /tmp/.newrelic.sock --tls --define utilization.detect_aws=true --define utilization.detect_azure=true --define utilization.detect_gcp=true --define utilization.detect_pcf=true --define utilization.detect_docker=true
           ├─ 60448 /usr/sbin/apache2 -k start
           ├─ 61012 /usr/sbin/apache2 -k start
           ├─ 61310 /usr/sbin/apache2 -k start
           ├─ 62158 /usr/sbin/apache2 -k start
           ├─ 62811 /usr/sbin/apache2 -k start
           ├─ 63497 /usr/sbin/apache2 -k start
           ├─ 64509 /usr/sbin/apache2 -k start
           ├─ 64668 /usr/sbin/apache2 -k start
           ├─ 64670 /usr/sbin/apache2 -k start
           ├─ 65030 /usr/sbin/apache2 -k start
           ├─ 65059 /usr/sbin/apache2 -k start
           ├─ 65062 /usr/sbin/apache2 -k start
           ├─ 65160 /usr/sbin/apache2 -k start
           ├─ 66795 /usr/sbin/apache2 -k start
           └─103677 /usr/bin/newrelic-daemon --agent --pidfile /var/run/newrelic-daemon.pid --logfile /var/log/newrelic/newrelic-daemon.log --port /tmp/.newrelic.sock --tls --define utilization.detect_aws=true --define utilization.detect_azure=true --define utilization.detect_gcp=true --define utilization.detect_pcf=true --define utilization.detect_docker=true -no-pidfile

May 12 06:25:01 pwwwwlicomzf-fe-9 systemd[1]: Reloading LSB: Apache2 web server.
May 12 06:25:01 pwwwwlicomzf-fe-9 apache2[19525]: Reloading web server: apache2.
May 12 06:25:01 pwwwwlicomzf-fe-9 systemd[1]: Reloaded LSB: Apache2 web server.
May 13 06:25:02 pwwwwlicomzf-fe-9 systemd[1]: Reloading LSB: Apache2 web server.
May 13 06:25:02 pwwwwlicomzf-fe-9 apache2[98007]: Reloading web server: apache2.
May 13 06:25:02 pwwwwlicomzf-fe-9 systemd[1]: Reloaded LSB: Apache2 web server.
May 14 06:25:01 pwwwwlicomzf-fe-9 systemd[1]: Reloading LSB: Apache2 web server.
May 14 06:25:01 pwwwwlicomzf-fe-9 apache2[46638]: Reloading web server: apache2.
May 14 06:25:01 pwwwwlicomzf-fe-9 systemd[1]: Reloaded LSB: Apache2 web server.
Warning: Journal has been rotated since unit was started. Log output is incomplete or unavailable.
PWWWWLICOMZF-FE-22 | SUCCESS | rc=0 >>
● apache2.service - LSB: Apache2 web server
   Loaded: loaded (/etc/init.d/apache2)
  Drop-In: /lib/systemd/system/apache2.service.d
           └─forking.conf
   Active: active (running) since Thu 2018-04-26 11:08:59 CEST; 2 weeks 4 days ago
  Process: 28996 ExecStop=/etc/init.d/apache2 stop (code=exited, status=0/SUCCESS)
  Process: 57888 ExecReload=/etc/init.d/apache2 reload (code=exited, status=0/SUCCESS)
  Process: 29198 ExecStart=/etc/init.d/apache2 start (code=exited, status=0/SUCCESS)
   CGroup: /system.slice/apache2.service
           ├─29212 /usr/sbin/apache2 -k start
           ├─62076 /usr/sbin/apache2 -k start
           ├─62910 /usr/sbin/apache2 -k start
           ├─63447 /usr/sbin/apache2 -k start
           ├─65977 /usr/sbin/apache2 -k start
           ├─66572 /usr/sbin/apache2 -k start
           ├─67047 /usr/sbin/apache2 -k start
           ├─67229 /usr/sbin/apache2 -k start
           ├─67504 /usr/sbin/apache2 -k start
           ├─67508 /usr/sbin/apache2 -k start
           ├─67515 /usr/sbin/apache2 -k start
           ├─67889 /usr/sbin/apache2 -k start
           ├─68272 /usr/sbin/apache2 -k start
           ├─68460 /usr/sbin/apache2 -k start
           ├─68862 /usr/sbin/apache2 -k start
           └─68990 /usr/sbin/apache2 -k start

May 11 06:25:02 pwwwwlicomzf-fe-22 systemd[1]: Reloaded LSB: Apache2 web server.
May 12 06:25:02 pwwwwlicomzf-fe-22 systemd[1]: Reloading LSB: Apache2 web server.
May 12 06:25:02 pwwwwlicomzf-fe-22 systemd[1]: Reloaded LSB: Apache2 web server.
May 12 06:25:02 pwwwwlicomzf-fe-22 apache2[99423]: Reloading web server: apache2.
May 13 06:25:01 pwwwwlicomzf-fe-22 systemd[1]: Reloading LSB: Apache2 web server.
May 13 06:25:01 pwwwwlicomzf-fe-22 apache2[13038]: Reloading web server: apache2.
May 13 06:25:01 pwwwwlicomzf-fe-22 systemd[1]: Reloaded LSB: Apache2 web server.
May 14 06:25:02 pwwwwlicomzf-fe-22 systemd[1]: Reloading LSB: Apache2 web server.
May 14 06:25:02 pwwwwlicomzf-fe-22 apache2[57888]: Reloading web server: apache2.
May 14 06:25:02 pwwwwlicomzf-fe-22 systemd[1]: Reloaded LSB: Apache2 web server.
PWWWWLICOMZF-FE-31 | SUCCESS | rc=0 >>
● apache2.service - LSB: Apache2 web server
   Loaded: loaded (/etc/init.d/apache2)
  Drop-In: /lib/systemd/system/apache2.service.d
           └─forking.conf
   Active: active (running) since Thu 2018-04-26 11:07:25 CEST; 2 weeks 4 days ago
  Process: 50808 ExecStop=/etc/init.d/apache2 stop (code=exited, status=0/SUCCESS)
  Process: 49006 ExecReload=/etc/init.d/apache2 reload (code=exited, status=0/SUCCESS)
  Process: 51014 ExecStart=/etc/init.d/apache2 start (code=exited, status=0/SUCCESS)
   CGroup: /system.slice/apache2.service
           ├─44396 /usr/sbin/apache2 -k start
           ├─51028 /usr/sbin/apache2 -k start
           ├─55780 /usr/sbin/apache2 -k start
           ├─57445 /usr/sbin/apache2 -k start
           ├─58028 /usr/sbin/apache2 -k start
           ├─58088 /usr/sbin/apache2 -k start
           ├─58180 /usr/sbin/apache2 -k start
           ├─58648 /usr/sbin/apache2 -k start
           ├─58649 /usr/sbin/apache2 -k start
           ├─58655 /usr/sbin/apache2 -k start
           ├─58665 /usr/sbin/apache2 -k start
           ├─59305 /usr/sbin/apache2 -k start
           ├─59359 /usr/sbin/apache2 -k start
           ├─59585 /usr/sbin/apache2 -k start
           ├─60072 /usr/sbin/apache2 -k start
           ├─60284 /usr/sbin/apache2 -k start
           └─60411 /usr/sbin/apache2 -k start

May 11 06:25:02 pwwwwlicomzf-fe-31 systemd[1]: Reloaded LSB: Apache2 web server.
May 12 06:25:02 pwwwwlicomzf-fe-31 systemd[1]: Reloading LSB: Apache2 web server.
May 12 06:25:02 pwwwwlicomzf-fe-31 apache2[90429]: Reloading web server: apache2.
May 12 06:25:02 pwwwwlicomzf-fe-31 systemd[1]: Reloaded LSB: Apache2 web server.
May 13 06:25:02 pwwwwlicomzf-fe-31 systemd[1]: Reloading LSB: Apache2 web server.
May 13 06:25:02 pwwwwlicomzf-fe-31 systemd[1]: Reloaded LSB: Apache2 web server.
May 13 06:25:02 pwwwwlicomzf-fe-31 apache2[3968]: Reloading web server: apache2.
May 14 06:25:02 pwwwwlicomzf-fe-31 systemd[1]: Reloading LSB: Apache2 web server.
May 14 06:25:02 pwwwwlicomzf-fe-31 apache2[49006]: Reloading web server: apache2.
May 14 06:25:02 pwwwwlicomzf-fe-31 systemd[1]: Reloaded LSB: Apache2 web server.
